mode: atomic
github.com/go-eagle/eagle-layout/api/helloworld/greeter/v1/greeter.pb.go:34.32,36.29 2 0
github.com/go-eagle/eagle-layout/api/helloworld/greeter/v1/greeter.pb.go:36.29,40.3 3 0
github.com/go-eagle/eagle-layout/api/helloworld/greeter/v1/greeter.pb.go:43.40,45.2 1 0
github.com/go-eagle/eagle-layout/api/helloworld/greeter/v1/greeter.pb.go:47.38,47.39 0 0
github.com/go-eagle/eagle-layout/api/helloworld/greeter/v1/greeter.pb.go:49.60,51.41 2 0
github.com/go-eagle/eagle-layout/api/helloworld/greeter/v1/greeter.pb.go:51.41,53.34 2 0
github.com/go-eagle/eagle-layout/api/helloworld/greeter/v1/greeter.pb.go:53.34,55.4 1 0
github.com/go-eagle/eagle-layout/api/helloworld/greeter/v1/greeter.pb.go:56.3,56.12 1 0
github.com/go-eagle/eagle-layout/api/helloworld/greeter/v1/greeter.pb.go:58.2,58.24 1 0
github.com/go-eagle/eagle-layout/api/helloworld/greeter/v1/greeter.pb.go:62.51,64.2 1 0
github.com/go-eagle/eagle-layout/api/helloworld/greeter/v1/greeter.pb.go:66.41,67.14 1 0
github.com/go-eagle/eagle-layout/api/helloworld/greeter/v1/greeter.pb.go:67.14,69.3 1 0
github.com/go-eagle/eagle-layout/api/helloworld/greeter/v1/greeter.pb.go:70.2,70.11 1 0
github.com/go-eagle/eagle-layout/api/helloworld/greeter/v1/greeter.pb.go:82.30,84.29 2 0
github.com/go-eagle/eagle-layout/api/helloworld/greeter/v1/greeter.pb.go:84.29,88.3 3 0
github.com/go-eagle/eagle-layout/api/helloworld/greeter/v1/greeter.pb.go:91.38,93.2 1 0
github.com/go-eagle/eagle-layout/api/helloworld/greeter/v1/greeter.pb.go:95.36,95.37 0 0
github.com/go-eagle/eagle-layout/api/helloworld/greeter/v1/greeter.pb.go:97.58,99.41 2 0
github.com/go-eagle/eagle-layout/api/helloworld/greeter/v1/greeter.pb.go:99.41,101.34 2 0
github.com/go-eagle/eagle-layout/api/helloworld/greeter/v1/greeter.pb.go:101.34,103.4 1 0
github.com/go-eagle/eagle-layout/api/helloworld/greeter/v1/greeter.pb.go:104.3,104.12 1 0
github.com/go-eagle/eagle-layout/api/helloworld/greeter/v1/greeter.pb.go:106.2,106.24 1 0
github.com/go-eagle/eagle-layout/api/helloworld/greeter/v1/greeter.pb.go:110.49,112.2 1 0
github.com/go-eagle/eagle-layout/api/helloworld/greeter/v1/greeter.pb.go:114.42,115.14 1 0
github.com/go-eagle/eagle-layout/api/helloworld/greeter/v1/greeter.pb.go:115.14,117.3 1 0
github.com/go-eagle/eagle-layout/api/helloworld/greeter/v1/greeter.pb.go:118.2,118.11 1 0
github.com/go-eagle/eagle-layout/api/helloworld/greeter/v1/greeter.pb.go:156.72,157.69 1 0
github.com/go-eagle/eagle-layout/api/helloworld/greeter/v1/greeter.pb.go:157.69,159.3 1 0
github.com/go-eagle/eagle-layout/api/helloworld/greeter/v1/greeter.pb.go:160.2,160.65 1 0
github.com/go-eagle/eagle-layout/api/helloworld/greeter/v1/greeter.pb.go:178.13,178.68 1 0
github.com/go-eagle/eagle-layout/api/helloworld/greeter/v1/greeter.pb.go:179.58,180.57 1 0
github.com/go-eagle/eagle-layout/api/helloworld/greeter/v1/greeter.pb.go:180.57,182.3 1 0
github.com/go-eagle/eagle-layout/api/helloworld/greeter/v1/greeter.pb.go:183.2,183.30 1 0
github.com/go-eagle/eagle-layout/api/helloworld/greeter/v1/greeter.pb.go:183.30,184.110 1 0
github.com/go-eagle/eagle-layout/api/helloworld/greeter/v1/greeter.pb.go:184.110,185.37 1 0
github.com/go-eagle/eagle-layout/api/helloworld/greeter/v1/greeter.pb.go:186.11,187.20 1 0
github.com/go-eagle/eagle-layout/api/helloworld/greeter/v1/greeter.pb.go:188.11,189.24 1 0
github.com/go-eagle/eagle-layout/api/helloworld/greeter/v1/greeter.pb.go:190.11,191.28 1 0
github.com/go-eagle/eagle-layout/api/helloworld/greeter/v1/greeter.pb.go:192.12,193.15 1 0
github.com/go-eagle/eagle-layout/api/helloworld/greeter/v1/greeter.pb.go:196.3,196.110 1 0
github.com/go-eagle/eagle-layout/api/helloworld/greeter/v1/greeter.pb.go:196.110,197.35 1 0
github.com/go-eagle/eagle-layout/api/helloworld/greeter/v1/greeter.pb.go:198.11,199.20 1 0
github.com/go-eagle/eagle-layout/api/helloworld/greeter/v1/greeter.pb.go:200.11,201.24 1 0
github.com/go-eagle/eagle-layout/api/helloworld/greeter/v1/greeter.pb.go:202.11,203.28 1 0
github.com/go-eagle/eagle-layout/api/helloworld/greeter/v1/greeter.pb.go:204.12,205.15 1 0
github.com/go-eagle/eagle-layout/api/helloworld/greeter/v1/greeter.pb.go:209.2,226.60 6 0
github.com/go-eagle/eagle-layout/api/helloworld/greeter/v1/greeter.pb.validate.go:41.41,43.2 1 0
github.com/go-eagle/eagle-layout/api/helloworld/greeter/v1/greeter.pb.validate.go:49.44,51.2 1 0
github.com/go-eagle/eagle-layout/api/helloworld/greeter/v1/greeter.pb.validate.go:53.49,54.14 1 0
github.com/go-eagle/eagle-layout/api/helloworld/greeter/v1/greeter.pb.validate.go:54.14,56.3 1 0
github.com/go-eagle/eagle-layout/api/helloworld/greeter/v1/greeter.pb.validate.go:58.2,60.45 2 0
github.com/go-eagle/eagle-layout/api/helloworld/greeter/v1/greeter.pb.validate.go:60.45,65.11 2 0
github.com/go-eagle/eagle-layout/api/helloworld/greeter/v1/greeter.pb.validate.go:65.11,67.4 1 0
github.com/go-eagle/eagle-layout/api/helloworld/greeter/v1/greeter.pb.validate.go:68.3,68.31 1 0
github.com/go-eagle/eagle-layout/api/helloworld/greeter/v1/greeter.pb.validate.go:71.2,71.21 1 0
github.com/go-eagle/eagle-layout/api/helloworld/greeter/v1/greeter.pb.validate.go:71.21,73.3 1 0
github.com/go-eagle/eagle-layout/api/helloworld/greeter/v1/greeter.pb.validate.go:75.2,75.12 1 0
github.com/go-eagle/eagle-layout/api/helloworld/greeter/v1/greeter.pb.validate.go:83.48,85.24 2 0
github.com/go-eagle/eagle-layout/api/helloworld/greeter/v1/greeter.pb.validate.go:85.24,87.3 1 0
github.com/go-eagle/eagle-layout/api/helloworld/greeter/v1/greeter.pb.validate.go:88.2,88.33 1 0
github.com/go-eagle/eagle-layout/api/helloworld/greeter/v1/greeter.pb.validate.go:92.53,92.65 1 0
github.com/go-eagle/eagle-layout/api/helloworld/greeter/v1/greeter.pb.validate.go:104.53,104.71 1 0
github.com/go-eagle/eagle-layout/api/helloworld/greeter/v1/greeter.pb.validate.go:107.54,107.73 1 0
github.com/go-eagle/eagle-layout/api/helloworld/greeter/v1/greeter.pb.validate.go:110.52,110.70 1 0
github.com/go-eagle/eagle-layout/api/helloworld/greeter/v1/greeter.pb.validate.go:113.49,113.65 1 0
github.com/go-eagle/eagle-layout/api/helloworld/greeter/v1/greeter.pb.validate.go:116.57,116.97 1 0
github.com/go-eagle/eagle-layout/api/helloworld/greeter/v1/greeter.pb.validate.go:119.53,121.20 2 0
github.com/go-eagle/eagle-layout/api/helloworld/greeter/v1/greeter.pb.validate.go:121.20,123.3 1 0
github.com/go-eagle/eagle-layout/api/helloworld/greeter/v1/greeter.pb.validate.go:125.2,126.11 2 0
github.com/go-eagle/eagle-layout/api/helloworld/greeter/v1/greeter.pb.validate.go:126.11,128.3 1 0
github.com/go-eagle/eagle-layout/api/helloworld/greeter/v1/greeter.pb.validate.go:130.2,135.9 1 0
github.com/go-eagle/eagle-layout/api/helloworld/greeter/v1/greeter.pb.validate.go:151.39,153.2 1 0
github.com/go-eagle/eagle-layout/api/helloworld/greeter/v1/greeter.pb.validate.go:159.42,161.2 1 0
github.com/go-eagle/eagle-layout/api/helloworld/greeter/v1/greeter.pb.validate.go:163.47,164.14 1 0
github.com/go-eagle/eagle-layout/api/helloworld/greeter/v1/greeter.pb.validate.go:164.14,166.3 1 0
github.com/go-eagle/eagle-layout/api/helloworld/greeter/v1/greeter.pb.validate.go:168.2,172.21 2 0
github.com/go-eagle/eagle-layout/api/helloworld/greeter/v1/greeter.pb.validate.go:172.21,174.3 1 0
github.com/go-eagle/eagle-layout/api/helloworld/greeter/v1/greeter.pb.validate.go:176.2,176.12 1 0
github.com/go-eagle/eagle-layout/api/helloworld/greeter/v1/greeter.pb.validate.go:184.46,186.24 2 0
github.com/go-eagle/eagle-layout/api/helloworld/greeter/v1/greeter.pb.validate.go:186.24,188.3 1 0
github.com/go-eagle/eagle-layout/api/helloworld/greeter/v1/greeter.pb.validate.go:189.2,189.33 1 0
github.com/go-eagle/eagle-layout/api/helloworld/greeter/v1/greeter.pb.validate.go:193.51,193.63 1 0
github.com/go-eagle/eagle-layout/api/helloworld/greeter/v1/greeter.pb.validate.go:205.51,205.69 1 0
github.com/go-eagle/eagle-layout/api/helloworld/greeter/v1/greeter.pb.validate.go:208.52,208.71 1 0
github.com/go-eagle/eagle-layout/api/helloworld/greeter/v1/greeter.pb.validate.go:211.50,211.68 1 0
github.com/go-eagle/eagle-layout/api/helloworld/greeter/v1/greeter.pb.validate.go:214.47,214.63 1 0
github.com/go-eagle/eagle-layout/api/helloworld/greeter/v1/greeter.pb.validate.go:217.55,217.93 1 0
github.com/go-eagle/eagle-layout/api/helloworld/greeter/v1/greeter.pb.validate.go:220.51,222.20 2 0
github.com/go-eagle/eagle-layout/api/helloworld/greeter/v1/greeter.pb.validate.go:222.20,224.3 1 0
github.com/go-eagle/eagle-layout/api/helloworld/greeter/v1/greeter.pb.validate.go:226.2,227.11 2 0
github.com/go-eagle/eagle-layout/api/helloworld/greeter/v1/greeter.pb.validate.go:227.11,229.3 1 0
github.com/go-eagle/eagle-layout/api/helloworld/greeter/v1/greeter.pb.validate.go:231.2,236.9 1 0
github.com/go-eagle/eagle-layout/api/helloworld/greeter/v1/greeter_gin.pb.go:25.70,31.2 2 0
github.com/go-eagle/eagle-layout/api/helloworld/greeter/v1/greeter_gin.pb.go:38.48,41.49 2 0
github.com/go-eagle/eagle-layout/api/helloworld/greeter/v1/greeter_gin.pb.go:41.49,44.3 2 0
github.com/go-eagle/eagle-layout/api/helloworld/greeter/v1/greeter_gin.pb.go:46.2,47.39 2 0
github.com/go-eagle/eagle-layout/api/helloworld/greeter/v1/greeter_gin.pb.go:47.39,49.3 1 0
github.com/go-eagle/eagle-layout/api/helloworld/greeter/v1/greeter_gin.pb.go:50.2,52.16 3 0
github.com/go-eagle/eagle-layout/api/helloworld/greeter/v1/greeter_gin.pb.go:52.16,55.3 2 0
github.com/go-eagle/eagle-layout/api/helloworld/greeter/v1/greeter_gin.pb.go:57.2,57.23 1 0
github.com/go-eagle/eagle-layout/api/helloworld/greeter/v1/greeter_gin.pb.go:60.37,62.2 1 0
github.com/go-eagle/eagle-layout/api/helloworld/greeter/v1/greeter_grpc.pb.go:33.66,35.2 1 0
github.com/go-eagle/eagle-layout/api/helloworld/greeter/v1/greeter_grpc.pb.go:37.119,40.16 3 0
github.com/go-eagle/eagle-layout/api/helloworld/greeter/v1/greeter_grpc.pb.go:40.16,42.3 1 0
github.com/go-eagle/eagle-layout/api/helloworld/greeter/v1/greeter_grpc.pb.go:43.2,43.17 1 0
github.com/go-eagle/eagle-layout/api/helloworld/greeter/v1/greeter_grpc.pb.go:59.97,61.2 1 0
github.com/go-eagle/eagle-layout/api/helloworld/greeter/v1/greeter_grpc.pb.go:62.74,62.75 0 0
github.com/go-eagle/eagle-layout/api/helloworld/greeter/v1/greeter_grpc.pb.go:71.72,73.2 1 0
github.com/go-eagle/eagle-layout/api/helloworld/greeter/v1/greeter_grpc.pb.go:75.161,77.32 2 0
github.com/go-eagle/eagle-layout/api/helloworld/greeter/v1/greeter_grpc.pb.go:77.32,79.3 1 0
github.com/go-eagle/eagle-layout/api/helloworld/greeter/v1/greeter_grpc.pb.go:80.2,80.24 1 0
github.com/go-eagle/eagle-layout/api/helloworld/greeter/v1/greeter_grpc.pb.go:80.24,82.3 1 0
github.com/go-eagle/eagle-layout/api/helloworld/greeter/v1/greeter_grpc.pb.go:83.2,87.77 2 0
github.com/go-eagle/eagle-layout/api/helloworld/greeter/v1/greeter_grpc.pb.go:87.77,89.3 1 0
github.com/go-eagle/eagle-layout/api/helloworld/greeter/v1/greeter_grpc.pb.go:90.2,90.44 1 0
github.com/go-eagle/eagle-layout/internal/jobs/send_email.go:13.99,16.16 3 0
github.com/go-eagle/eagle-layout/internal/jobs/send_email.go:16.16,19.3 2 0
github.com/go-eagle/eagle-layout/internal/jobs/send_email.go:20.2,24.21 2 0
github.com/go-eagle/eagle-layout/internal/cache/user_cache.go:37.48,41.81 3 0
github.com/go-eagle/eagle-layout/internal/cache/user_cache.go:41.81,43.4 1 0
github.com/go-eagle/eagle-layout/internal/cache/user_cache.go:48.54,50.2 1 0
github.com/go-eagle/eagle-layout/internal/cache/user_cache.go:53.118,54.28 1 0
github.com/go-eagle/eagle-layout/internal/cache/user_cache.go:54.28,56.3 1 0
github.com/go-eagle/eagle-layout/internal/cache/user_cache.go:57.2,59.16 3 0
github.com/go-eagle/eagle-layout/internal/cache/user_cache.go:59.16,61.3 1 0
github.com/go-eagle/eagle-layout/internal/cache/user_cache.go:62.2,62.12 1 0
github.com/go-eagle/eagle-layout/internal/cache/user_cache.go:66.100,69.16 3 0
github.com/go-eagle/eagle-layout/internal/cache/user_cache.go:69.16,72.3 2 0
github.com/go-eagle/eagle-layout/internal/cache/user_cache.go:73.2,73.18 1 0
github.com/go-eagle/eagle-layout/internal/cache/user_cache.go:77.110,79.24 2 0
github.com/go-eagle/eagle-layout/internal/cache/user_cache.go:79.24,82.3 2 0
github.com/go-eagle/eagle-layout/internal/cache/user_cache.go:85.2,87.16 3 0
github.com/go-eagle/eagle-layout/internal/cache/user_cache.go:87.16,89.3 1 0
github.com/go-eagle/eagle-layout/internal/cache/user_cache.go:90.2,90.20 1 0
github.com/go-eagle/eagle-layout/internal/cache/user_cache.go:94.115,96.25 2 0
github.com/go-eagle/eagle-layout/internal/cache/user_cache.go:96.25,99.3 2 0
github.com/go-eagle/eagle-layout/internal/cache/user_cache.go:101.2,102.16 2 0
github.com/go-eagle/eagle-layout/internal/cache/user_cache.go:102.16,104.3 1 0
github.com/go-eagle/eagle-layout/internal/cache/user_cache.go:105.2,105.12 1 0
github.com/go-eagle/eagle-layout/internal/cache/user_cache.go:109.71,112.16 3 0
github.com/go-eagle/eagle-layout/internal/cache/user_cache.go:112.16,114.3 1 0
github.com/go-eagle/eagle-layout/internal/cache/user_cache.go:115.2,115.12 1 0
github.com/go-eagle/eagle-layout/internal/cache/user_cache.go:119.79,122.16 3 0
github.com/go-eagle/eagle-layout/internal/cache/user_cache.go:122.16,124.3 1 0
github.com/go-eagle/eagle-layout/internal/cache/user_cache.go:125.2,125.12 1 0
github.com/go-eagle/eagle-layout/cmd/server/main.go:41.13,43.14 2 0
github.com/go-eagle/eagle-layout/cmd/server/main.go:43.14,46.17 3 0
github.com/go-eagle/eagle-layout/cmd/server/main.go:46.17,49.4 2 0
github.com/go-eagle/eagle-layout/cmd/server/main.go:51.3,52.9 2 0
github.com/go-eagle/eagle-layout/cmd/server/main.go:56.2,58.44 3 0
github.com/go-eagle/eagle-layout/cmd/server/main.go:58.44,59.13 1 0
github.com/go-eagle/eagle-layout/cmd/server/main.go:62.2,67.12 3 0
github.com/go-eagle/eagle-layout/cmd/server/main.go:67.12,69.113 2 0
github.com/go-eagle/eagle-layout/cmd/server/main.go:69.113,71.4 1 0
github.com/go-eagle/eagle-layout/cmd/server/main.go:75.2,77.16 3 0
github.com/go-eagle/eagle-layout/cmd/server/main.go:77.16,78.13 1 0
github.com/go-eagle/eagle-layout/cmd/server/main.go:80.2,80.34 1 0
github.com/go-eagle/eagle-layout/cmd/server/main.go:80.34,81.13 1 0
github.com/go-eagle/eagle-layout/cmd/server/wire_gen.go:23.57,27.24 4 0
github.com/go-eagle/eagle-layout/cmd/server/wire_gen.go:27.25,28.3 0 0
github.com/go-eagle/eagle-layout/cmd/server/wire_gen.go:33.73,43.2 2 0
github.com/go-eagle/eagle-layout/internal/repository/user_repo.go:44.63,50.2 1 0
github.com/go-eagle/eagle-layout/internal/repository/user_repo.go:53.97,55.16 2 0
github.com/go-eagle/eagle-layout/internal/repository/user_repo.go:55.16,57.3 1 0
github.com/go-eagle/eagle-layout/internal/repository/user_repo.go:59.2,59.21 1 0
github.com/go-eagle/eagle-layout/internal/repository/user_repo.go:63.91,65.16 2 0
github.com/go-eagle/eagle-layout/internal/repository/user_repo.go:65.16,67.3 1 0
github.com/go-eagle/eagle-layout/internal/repository/user_repo.go:68.2,69.16 2 0
github.com/go-eagle/eagle-layout/internal/repository/user_repo.go:69.16,71.3 1 0
github.com/go-eagle/eagle-layout/internal/repository/user_repo.go:73.2,74.12 2 0
github.com/go-eagle/eagle-layout/internal/repository/user_repo.go:78.93,81.16 2 0
github.com/go-eagle/eagle-layout/internal/repository/user_repo.go:81.16,83.3 1 0
github.com/go-eagle/eagle-layout/internal/repository/user_repo.go:84.2,84.17 1 0
github.com/go-eagle/eagle-layout/internal/repository/user_repo.go:84.17,86.3 1 0
github.com/go-eagle/eagle-layout/internal/repository/user_repo.go:88.2,90.16 3 0
github.com/go-eagle/eagle-layout/internal/repository/user_repo.go:90.16,92.3 1 0
github.com/go-eagle/eagle-layout/internal/repository/user_repo.go:94.2,94.17 1 0
github.com/go-eagle/eagle-layout/internal/repository/user_repo.go:94.17,96.17 2 0
github.com/go-eagle/eagle-layout/internal/repository/user_repo.go:96.17,98.4 1 0
github.com/go-eagle/eagle-layout/internal/repository/user_repo.go:100.2,100.18 1 0
github.com/go-eagle/eagle-layout/internal/repository/user_repo.go:104.103,108.16 3 0
github.com/go-eagle/eagle-layout/internal/repository/user_repo.go:108.16,110.3 1 0
github.com/go-eagle/eagle-layout/internal/repository/user_repo.go:111.2,112.24 2 0
github.com/go-eagle/eagle-layout/internal/repository/user_repo.go:112.24,114.10 2 0
github.com/go-eagle/eagle-layout/internal/repository/user_repo.go:114.10,116.12 2 0
github.com/go-eagle/eagle-layout/internal/repository/user_repo.go:118.3,118.26 1 0
github.com/go-eagle/eagle-layout/internal/repository/user_repo.go:121.2,121.23 1 0
github.com/go-eagle/eagle-layout/internal/repository/user_repo.go:121.23,125.17 4 0
github.com/go-eagle/eagle-layout/internal/repository/user_repo.go:125.17,128.4 1 0
github.com/go-eagle/eagle-layout/internal/repository/user_repo.go:129.3,129.26 1 0
github.com/go-eagle/eagle-layout/internal/repository/user_repo.go:129.26,132.18 3 0
github.com/go-eagle/eagle-layout/internal/repository/user_repo.go:132.18,135.5 1 0
github.com/go-eagle/eagle-layout/internal/repository/user_repo.go:138.2,138.17 1 0
github.com/go-eagle/eagle-layout/internal/routers/router.go:19.30,54.2 17 0
github.com/go-eagle/eagle-layout/internal/routers/router.go:54.3,56.3 0 0
github.com/go-eagle/eagle-layout/internal/routers/router.go:58.2,58.10 1 0
github.com/go-eagle/eagle-layout/internal/handler/hello.go:19.28,21.46 2 0
github.com/go-eagle/eagle-layout/internal/handler/hello.go:21.46,26.3 2 0
github.com/go-eagle/eagle-layout/internal/handler/hello.go:27.2,28.16 2 0
github.com/go-eagle/eagle-layout/internal/handler/hello.go:28.16,31.3 2 0
github.com/go-eagle/eagle-layout/internal/handler/hello.go:32.2,34.4 1 0
github.com/go-eagle/eagle-layout/internal/model/init.go:14.39,16.16 2 0
github.com/go-eagle/eagle-layout/internal/model/init.go:16.16,18.3 1 0
github.com/go-eagle/eagle-layout/internal/model/init.go:21.2,22.16 2 0
github.com/go-eagle/eagle-layout/internal/model/init.go:22.16,24.3 1 0
github.com/go-eagle/eagle-layout/internal/model/init.go:25.2,26.16 2 0
github.com/go-eagle/eagle-layout/internal/model/init.go:26.16,28.3 1 0
github.com/go-eagle/eagle-layout/internal/model/init.go:33.2,33.22 1 0
github.com/go-eagle/eagle-layout/internal/model/init.go:33.22,35.3 1 0
github.com/go-eagle/eagle-layout/internal/model/init.go:36.2,36.27 1 0
github.com/go-eagle/eagle-layout/internal/model/user_info.go:28.40,30.2 1 0
github.com/go-eagle/eagle-layout/internal/model/user_info.go:33.59,34.84 1 0
github.com/go-eagle/eagle-layout/internal/model/user_info.go:34.84,36.3 1 0
github.com/go-eagle/eagle-layout/internal/model/user_info.go:37.2,37.8 1 0
github.com/go-eagle/eagle-layout/internal/server/grpc.go:9.50,20.2 2 0
github.com/go-eagle/eagle-layout/internal/server/http.go:10.48,22.2 4 0
github.com/go-eagle/eagle-layout/internal/server/rabbitmq.go:11.51,21.2 4 0
github.com/go-eagle/eagle-layout/internal/server/redis.go:11.62,36.16 4 0
github.com/go-eagle/eagle-layout/internal/server/redis.go:36.16,38.3 1 0
github.com/go-eagle/eagle-layout/internal/server/redis.go:41.2,44.12 2 0
github.com/go-eagle/eagle-layout/internal/tasks/email_welcome.go:30.58,51.16 4 0
github.com/go-eagle/eagle-layout/internal/tasks/email_welcome.go:51.16,53.3 1 0
github.com/go-eagle/eagle-layout/internal/tasks/email_welcome.go:55.2,55.12 1 0
github.com/go-eagle/eagle-layout/internal/tasks/email_welcome.go:67.71,69.56 2 0
github.com/go-eagle/eagle-layout/internal/tasks/email_welcome.go:69.56,71.3 1 0
github.com/go-eagle/eagle-layout/internal/tasks/email_welcome.go:72.2,74.12 2 0
github.com/go-eagle/eagle-layout/internal/tasks/task.go:51.32,52.17 1 0
github.com/go-eagle/eagle-layout/internal/tasks/task.go:52.17,55.50 3 0
github.com/go-eagle/eagle-layout/internal/tasks/task.go:55.50,56.14 1 0
github.com/go-eagle/eagle-layout/internal/tasks/task.go:58.3,66.5 1 0
github.com/go-eagle/eagle-layout/internal/tasks/task.go:68.2,68.15 1 0
github.com/go-eagle/eagle-layout/internal/service/greeter_svc.go:22.65,26.2 1 0
github.com/go-eagle/eagle-layout/internal/service/greeter_svc.go:29.82,31.2 1 0
